<?xml version="1.0" encoding="UTF-8"?>
<!-- Generated by org.testng.reporters.JUnitXMLReporter -->
<testsuite ignored="0" hostname="DESKTOP-NHFPNS9" failures="0" tests="5" name="Test" time="7.788" errors="0" timestamp="2025-07-04T12:41:35 IST">
  <testcase classname="testNG_basic.TC1" name="login" time="7.616"/>
  <testcase classname="testNG_basic.TC2" name="login_search" time="0.006"/>
  <testcase classname="testNG_basic.TC3" name="login_search_wishlist" time="0.006"/>
  <testcase classname="testNG_basic.TC4" name="login_search_wishlist_cart" time="0.007"/>
  <testcase classname="testNG_basic.TC5" name="login_till_payment" time="0.005"/>
</testsuite> <!-- Test -->
