<?xml version="1.0" encoding="UTF-8"?>
<testng-results ignored="0" total="1" passed="1" failed="0" skipped="0">
  <reporter-output>
  </reporter-output>
  <suite started-at="2025-07-05T20:22:20 IST" name="Default suite" finished-at="2025-07-05T20:23:07 IST" duration-ms="46509">
    <groups>
    </groups>
    <test started-at="2025-07-05T20:22:20 IST" name="Default test" finished-at="2025-07-05T20:23:07 IST" duration-ms="46509">
      <class name="Amezon_test.TC2">
        <test-method is-config="true" signature="launch_browser()[pri:0, instance:Amezon_test.TC2@71075444]" started-at="2025-07-05T20:22:20 IST" name="launch_browser" finished-at="2025-07-05T20:22:56 IST" duration-ms="35219" status="PASS">
          <reporter-output>
          </reporter-output>
        </test-method> <!-- launch_browser -->
        <test-method signature="search_the_product()[pri:0, instance:Amezon_test.TC2@71075444]" started-at="2025-07-05T20:22:56 IST" name="search_the_product" finished-at="2025-07-05T20:23:01 IST" duration-ms="5393" status="PASS">
          <reporter-output>
          </reporter-output>
        </test-method> <!-- search_the_product -->
        <test-method is-config="true" signature="quit_browser()[pri:0, instance:Amezon_test.TC2@71075444]" started-at="2025-07-05T20:23:01 IST" name="quit_browser" finished-at="2025-07-05T20:23:07 IST" duration-ms="5804" status="PASS">
          <reporter-output>
          </reporter-output>
        </test-method> <!-- quit_browser -->
      </class> <!-- Amezon_test.TC2 -->
    </test> <!-- Default test -->
  </suite> <!-- Default suite -->
</testng-results>
